  OpenGL.cpp
E:\浙大相关文件\课程相关文件\三维动画与交互技术\graphics2024\22451077李威翰\OpenGL\packages\Assimp.3.0.0\build\native\include\assimp\quaternion.inl(207,15): warning C4244: “=”: 从“double”转换到“TReal”，可能丢失数据
          with
          [
              TReal=float
          ]
E:\浙大相关文件\课程相关文件\三维动画与交互技术\graphics2024\22451077李威翰\OpenGL\packages\Assimp.3.0.0\build\native\include\assimp\quaternion.inl(186): message : 在编译 类 模板 成员函数“void aiQuaterniont<float>::Interpolate(aiQuaterniont<float> &,const aiQuaterniont<float> &,const aiQuaterniont<float> &,TReal)”时
          with
          [
              TReal=float
          ]
E:\浙大相关文件\课程相关文件\三维动画与交互技术\graphics2024\22451077李威翰\OpenGL\packages\Assimp.3.0.0\build\native\include\assimp\anim.h(435): message : 查看对正在编译的函数 模板 实例化“void aiQuaterniont<float>::Interpolate(aiQuaterniont<float> &,const aiQuaterniont<float> &,const aiQuaterniont<float> &,TReal)”的引用
          with
          [
              TReal=float
          ]
E:\浙大相关文件\课程相关文件\三维动画与交互技术\graphics2024\22451077李威翰\OpenGL\packages\Assimp.3.0.0\build\native\include\assimp\anim.h(107): message : 查看对正在编译的 类 模板 实例化“aiQuaterniont<float>”的引用
E:\浙大相关文件\课程相关文件\三维动画与交互技术\graphics2024\22451077李威翰\OpenGL\packages\Assimp.3.0.0\build\native\include\assimp\quaternion.inl(208,14): warning C4244: “=”: 从“double”转换到“TReal”，可能丢失数据
          with
          [
              TReal=float
          ]
E:\浙大相关文件\课程相关文件\三维动画与交互技术\graphics2024\22451077李威翰\OpenGL\packages\Assimp.3.0.0\build\native\include\assimp\quaternion.inl(209,61): warning C4244: “=”: 从“double”转换到“TReal”，可能丢失数据
          with
          [
              TReal=float
          ]
E:\浙大相关文件\课程相关文件\三维动画与交互技术\graphics2024\22451077李威翰\OpenGL\packages\Assimp.3.0.0\build\native\include\assimp\quaternion.inl(210,33): warning C4244: “=”: 从“double”转换到“TReal”，可能丢失数据
          with
          [
              TReal=float
          ]
E:\浙大相关文件\课程相关文件\三维动画与交互技术\graphics2024\22451077李威翰\OpenGL\packages\Assimp.3.0.0\build\native\include\assimp\vector3.inl(93,13): warning C4244: “return”: 从“double”转换到“TReal”，可能丢失数据
          with
          [
              TReal=float
          ]
E:\浙大相关文件\课程相关文件\三维动画与交互技术\graphics2024\22451077李威翰\OpenGL\packages\Assimp.3.0.0\build\native\include\assimp\vector3.inl(92): message : 在编译 类 模板 成员函数“TReal aiVector3t<TReal>::Length(void) const”时
          with
          [
              TReal=float
          ]
E:\浙大相关文件\课程相关文件\三维动画与交互技术\graphics2024\22451077李威翰\OpenGL\packages\Assimp.3.0.0\build\native\include\assimp\vector3.inl(98): message : 查看对正在编译的函数 模板 实例化“TReal aiVector3t<TReal>::Length(void) const”的引用
          with
          [
              TReal=float
          ]
E:\浙大相关文件\课程相关文件\三维动画与交互技术\graphics2024\22451077李威翰\OpenGL\packages\Assimp.3.0.0\build\native\include\assimp\vector3.inl(142): message : 在编译 类 模板 成员函数“bool aiVector3t<float>::operator ==(const aiVector3t<float> &) const”时
E:\浙大相关文件\课程相关文件\三维动画与交互技术\graphics2024\22451077李威翰\OpenGL\packages\Assimp.3.0.0\build\native\include\assimp\anim.h(82): message : 查看对正在编译的函数 模板 实例化“bool aiVector3t<float>::operator ==(const aiVector3t<float> &) const”的引用
E:\浙大相关文件\课程相关文件\三维动画与交互技术\graphics2024\22451077李威翰\OpenGL\packages\Assimp.3.0.0\build\native\include\assimp\types.h(150): message : 查看对正在编译的 类 模板 实例化“aiVector3t<float>”的引用
soil2-debug.lib(SOIL2.obj) : warning LNK4099: 未找到 PDB“soil2-static-lib.pdb”(使用“soil2-debug.lib(SOIL2.obj)”或在“E:\浙大相关文件\课程相关文件\三维动画与交互技术\graphics2024\22451077李威翰\OpenGL\Debug\soil2-static-lib.pdb”中寻找)；正在链接对象，如同没有调试信息一样
soil2-debug.lib(image_DXT.obj) : warning LNK4099: 未找到 PDB“soil2-static-lib.pdb”(使用“soil2-debug.lib(image_DXT.obj)”或在“E:\浙大相关文件\课程相关文件\三维动画与交互技术\graphics2024\22451077李威翰\OpenGL\Debug\soil2-static-lib.pdb”中寻找)；正在链接对象，如同没有调试信息一样
soil2-debug.lib(image_helper.obj) : warning LNK4099: 未找到 PDB“”(使用“soil2-debug.lib(image_helper.obj)”或在“”中寻找)；正在链接对象，如同没有调试信息一样
  OpenGL.vcxproj -> E:\浙大相关文件\课程相关文件\三维动画与交互技术\graphics2024\22451077李威翰\OpenGL\Debug\OpenGL.exe
