  ImportedModel.cpp
  Project3.cpp
E:\project2\opengl\homework\22451118陈雨昕\Project3\camera.h(95,20): warning C4244: “初始化”: 从“double”转换到“GLfloat”，可能丢失数据
  (编译源文件“Project3.cpp”)
  
E:\project2\opengl\homework\22451118陈雨昕\Project3\Project3.cpp(198,26): warning C4244: “=”: 从“double”转换到“float”，可能丢失数据
E:\project2\opengl\homework\22451118陈雨昕\Project3\Project3.cpp(199,14): warning C4244: “=”: 从“double”转换到“float”，可能丢失数据
E:\project2\opengl\homework\22451118陈雨昕\Project3\Project3.cpp(237,20): warning C4018: “<”: 有符号/无符号不匹配
E:\project2\opengl\homework\22451118陈雨昕\Project3\Project3.cpp(297,14): warning C4244: “=”: 从“double”转换到“float”，可能丢失数据
E:\project2\opengl\homework\22451118陈雨昕\Project3\Project3.cpp(298,14): warning C4244: “=”: 从“double”转换到“float”，可能丢失数据
E:\project2\opengl\homework\22451118陈雨昕\Project3\Project3.cpp(305,13): warning C4244: “=”: 从“double”转换到“float”，可能丢失数据
E:\project2\opengl\homework\22451118陈雨昕\Project3\Project3.cpp(306,13): warning C4244: “=”: 从“double”转换到“float”，可能丢失数据
E:\project2\opengl\homework\22451118陈雨昕\Project3\Project3.cpp(308,42): warning C4244: “参数”: 从“double”转换到“GLfloat”，可能丢失数据
E:\project2\opengl\homework\22451118陈雨昕\Project3\Project3.cpp(308,30): warning C4244: “参数”: 从“double”转换到“GLfloat”，可能丢失数据
E:\project2\opengl\homework\22451118陈雨昕\Project3\Project3.cpp(313,28): warning C4244: “参数”: 从“double”转换到“GLfloat”，可能丢失数据
  Utils.cpp
  正在生成代码...
LINK : warning LNK4098: 默认库“MSVCRT”与其他库的使用冲突；请使用 /NODEFAULTLIB:library
soil2.lib(SOIL2.obj) : warning LNK4099: 未找到 PDB“”(使用“soil2.lib(SOIL2.obj)”或在“”中寻找)；正在链接对象，如同没有调试信息一样
soil2.lib(image_DXT.obj) : warning LNK4099: 未找到 PDB“”(使用“soil2.lib(image_DXT.obj)”或在“”中寻找)；正在链接对象，如同没有调试信息一样
soil2.lib(image_helper.obj) : warning LNK4099: 未找到 PDB“”(使用“soil2.lib(image_helper.obj)”或在“”中寻找)；正在链接对象，如同没有调试信息一样
soil2.lib(wfETC.obj) : warning LNK4099: 未找到 PDB“”(使用“soil2.lib(wfETC.obj)”或在“”中寻找)；正在链接对象，如同没有调试信息一样
  Project3.vcxproj -> E:\project2\opengl\homework\22451118陈雨昕\Project3\Debug\Project3.exe
