  imageloader.cpp
  main.cpp
  正在生成代码...
E:\硕士\研一上\冬\三维动画与交互\openGLTestFileFloder\homework2\main.cpp(26,41): warning C4244: “参数”: 从“double”转换到“GLint”，可能丢失数据
E:\硕士\研一上\冬\三维动画与交互\openGLTestFileFloder\homework2\main.cpp(26,34): warning C4244: “参数”: 从“double”转换到“GLint”，可能丢失数据
E:\硕士\研一上\冬\三维动画与交互\openGLTestFileFloder\homework2\main.cpp(37,36): warning C4244: “参数”: 从“double”转换到“GLint”，可能丢失数据
E:\硕士\研一上\冬\三维动画与交互\openGLTestFileFloder\homework2\main.cpp(37,30): warning C4244: “参数”: 从“double”转换到“GLint”，可能丢失数据
E:\硕士\研一上\冬\三维动画与交互\openGLTestFileFloder\homework2\main.cpp(45,29): warning C4305: “参数”: 从“double”到“float”截断
E:\硕士\研一上\冬\三维动画与交互\openGLTestFileFloder\homework2\main.cpp(45,23): warning C4305: “参数”: 从“double”到“float”截断
E:\硕士\研一上\冬\三维动画与交互\openGLTestFileFloder\homework2\main.cpp(47,30): warning C4305: “参数”: 从“double”到“float”截断
E:\硕士\研一上\冬\三维动画与交互\openGLTestFileFloder\homework2\main.cpp(47,24): warning C4305: “参数”: 从“double”到“float”截断
E:\硕士\研一上\冬\三维动画与交互\openGLTestFileFloder\homework2\main.cpp(48,24): warning C4305: “参数”: 从“double”到“float”截断
E:\硕士\研一上\冬\三维动画与交互\openGLTestFileFloder\homework2\main.cpp(48,12): warning C4305: “参数”: 从“double”到“float”截断
E:\硕士\研一上\冬\三维动画与交互\openGLTestFileFloder\homework2\main.cpp(49,30): warning C4305: “参数”: 从“double”到“float”截断
E:\硕士\研一上\冬\三维动画与交互\openGLTestFileFloder\homework2\main.cpp(49,24): warning C4305: “参数”: 从“double”到“float”截断
E:\硕士\研一上\冬\三维动画与交互\openGLTestFileFloder\homework2\main.cpp(50,30): warning C4305: “参数”: 从“double”到“float”截断
E:\硕士\研一上\冬\三维动画与交互\openGLTestFileFloder\homework2\main.cpp(50,24): warning C4305: “参数”: 从“double”到“float”截断
E:\硕士\研一上\冬\三维动画与交互\openGLTestFileFloder\homework2\main.cpp(51,32): warning C4305: “参数”: 从“double”到“float”截断
E:\硕士\研一上\冬\三维动画与交互\openGLTestFileFloder\homework2\main.cpp(51,26): warning C4305: “参数”: 从“double”到“float”截断
E:\硕士\研一上\冬\三维动画与交互\openGLTestFileFloder\homework2\main.cpp(52,32): warning C4305: “参数”: 从“double”到“float”截断
E:\硕士\研一上\冬\三维动画与交互\openGLTestFileFloder\homework2\main.cpp(52,26): warning C4305: “参数”: 从“double”到“float”截断
E:\硕士\研一上\冬\三维动画与交互\openGLTestFileFloder\homework2\main.cpp(52,17): warning C4305: “参数”: 从“double”到“float”截断
E:\硕士\研一上\冬\三维动画与交互\openGLTestFileFloder\homework2\main.cpp(52,12): warning C4305: “参数”: 从“double”到“float”截断
E:\硕士\研一上\冬\三维动画与交互\openGLTestFileFloder\homework2\main.cpp(53,30): warning C4305: “参数”: 从“double”到“float”截断
E:\硕士\研一上\冬\三维动画与交互\openGLTestFileFloder\homework2\main.cpp(53,24): warning C4305: “参数”: 从“double”到“float”截断
E:\硕士\研一上\冬\三维动画与交互\openGLTestFileFloder\homework2\main.cpp(53,12): warning C4305: “参数”: 从“double”到“float”截断
E:\硕士\研一上\冬\三维动画与交互\openGLTestFileFloder\homework2\main.cpp(54,23): warning C4305: “参数”: 从“double”到“float”截断
E:\硕士\研一上\冬\三维动画与交互\openGLTestFileFloder\homework2\main.cpp(54,12): warning C4305: “参数”: 从“double”到“float”截断
E:\硕士\研一上\冬\三维动画与交互\openGLTestFileFloder\homework2\main.cpp(55,25): warning C4305: “参数”: 从“double”到“float”截断
E:\硕士\研一上\冬\三维动画与交互\openGLTestFileFloder\homework2\main.cpp(55,17): warning C4305: “参数”: 从“double”到“float”截断
E:\硕士\研一上\冬\三维动画与交互\openGLTestFileFloder\homework2\main.cpp(55,12): warning C4305: “参数”: 从“double”到“float”截断
E:\硕士\研一上\冬\三维动画与交互\openGLTestFileFloder\homework2\main.cpp(56,25): warning C4305: “参数”: 从“double”到“float”截断
E:\硕士\研一上\冬\三维动画与交互\openGLTestFileFloder\homework2\main.cpp(56,17): warning C4305: “参数”: 从“double”到“float”截断
E:\硕士\研一上\冬\三维动画与交互\openGLTestFileFloder\homework2\main.cpp(56,12): warning C4305: “参数”: 从“double”到“float”截断
E:\硕士\研一上\冬\三维动画与交互\openGLTestFileFloder\homework2\main.cpp(57,23): warning C4305: “参数”: 从“double”到“float”截断
E:\硕士\研一上\冬\三维动画与交互\openGLTestFileFloder\homework2\main.cpp(57,12): warning C4305: “参数”: 从“double”到“float”截断
E:\硕士\研一上\冬\三维动画与交互\openGLTestFileFloder\homework2\main.cpp(58,17): warning C4305: “参数”: 从“double”到“float”截断
E:\硕士\研一上\冬\三维动画与交互\openGLTestFileFloder\homework2\main.cpp(58,12): warning C4305: “参数”: 从“double”到“float”截断
E:\硕士\研一上\冬\三维动画与交互\openGLTestFileFloder\homework2\main.cpp(59,25): warning C4305: “参数”: 从“double”到“float”截断
E:\硕士\研一上\冬\三维动画与交互\openGLTestFileFloder\homework2\main.cpp(59,17): warning C4305: “参数”: 从“double”到“float”截断
E:\硕士\研一上\冬\三维动画与交互\openGLTestFileFloder\homework2\main.cpp(59,12): warning C4305: “参数”: 从“double”到“float”截断
E:\硕士\研一上\冬\三维动画与交互\openGLTestFileFloder\homework2\main.cpp(60,25): warning C4305: “参数”: 从“double”到“float”截断
E:\硕士\研一上\冬\三维动画与交互\openGLTestFileFloder\homework2\main.cpp(60,17): warning C4305: “参数”: 从“double”到“float”截断
E:\硕士\研一上\冬\三维动画与交互\openGLTestFileFloder\homework2\main.cpp(61,12): warning C4305: “参数”: 从“double”到“float”截断
E:\硕士\研一上\冬\三维动画与交互\openGLTestFileFloder\homework2\main.cpp(62,17): warning C4305: “参数”: 从“double”到“float”截断
E:\硕士\研一上\冬\三维动画与交互\openGLTestFileFloder\homework2\main.cpp(62,12): warning C4305: “参数”: 从“double”到“float”截断
E:\硕士\研一上\冬\三维动画与交互\openGLTestFileFloder\homework2\main.cpp(63,25): warning C4305: “参数”: 从“double”到“float”截断
E:\硕士\研一上\冬\三维动画与交互\openGLTestFileFloder\homework2\main.cpp(63,17): warning C4305: “参数”: 从“double”到“float”截断
E:\硕士\研一上\冬\三维动画与交互\openGLTestFileFloder\homework2\main.cpp(63,12): warning C4305: “参数”: 从“double”到“float”截断
E:\硕士\研一上\冬\三维动画与交互\openGLTestFileFloder\homework2\main.cpp(140,44): warning C4244: “参数”: 从“double”转换到“GLint”，可能丢失数据
E:\硕士\研一上\冬\三维动画与交互\openGLTestFileFloder\homework2\main.cpp(140,37): warning C4244: “参数”: 从“double”转换到“GLint”，可能丢失数据
E:\硕士\研一上\冬\三维动画与交互\openGLTestFileFloder\homework2\main.cpp(141,44): warning C4244: “参数”: 从“double”转换到“GLint”，可能丢失数据
E:\硕士\研一上\冬\三维动画与交互\openGLTestFileFloder\homework2\main.cpp(141,37): warning C4244: “参数”: 从“double”转换到“GLint”，可能丢失数据
E:\硕士\研一上\冬\三维动画与交互\openGLTestFileFloder\homework2\main.cpp(142,44): warning C4244: “参数”: 从“double”转换到“GLint”，可能丢失数据
E:\硕士\研一上\冬\三维动画与交互\openGLTestFileFloder\homework2\main.cpp(142,37): warning C4244: “参数”: 从“double”转换到“GLint”，可能丢失数据
E:\硕士\研一上\冬\三维动画与交互\openGLTestFileFloder\homework2\main.cpp(143,44): warning C4244: “参数”: 从“double”转换到“GLint”，可能丢失数据
E:\硕士\研一上\冬\三维动画与交互\openGLTestFileFloder\homework2\main.cpp(143,37): warning C4244: “参数”: 从“double”转换到“GLint”，可能丢失数据
E:\硕士\研一上\冬\三维动画与交互\openGLTestFileFloder\homework2\main.cpp(144,44): warning C4244: “参数”: 从“double”转换到“GLint”，可能丢失数据
E:\硕士\研一上\冬\三维动画与交互\openGLTestFileFloder\homework2\main.cpp(144,37): warning C4244: “参数”: 从“double”转换到“GLint”，可能丢失数据
E:\硕士\研一上\冬\三维动画与交互\openGLTestFileFloder\homework2\main.cpp(145,44): warning C4244: “参数”: 从“double”转换到“GLint”，可能丢失数据
E:\硕士\研一上\冬\三维动画与交互\openGLTestFileFloder\homework2\main.cpp(145,37): warning C4244: “参数”: 从“double”转换到“GLint”，可能丢失数据
E:\硕士\研一上\冬\三维动画与交互\openGLTestFileFloder\homework2\main.cpp(146,44): warning C4244: “参数”: 从“double”转换到“GLint”，可能丢失数据
E:\硕士\研一上\冬\三维动画与交互\openGLTestFileFloder\homework2\main.cpp(146,37): warning C4244: “参数”: 从“double”转换到“GLint”，可能丢失数据
E:\硕士\研一上\冬\三维动画与交互\openGLTestFileFloder\homework2\main.cpp(147,44): warning C4244: “参数”: 从“double”转换到“GLint”，可能丢失数据
E:\硕士\研一上\冬\三维动画与交互\openGLTestFileFloder\homework2\main.cpp(147,37): warning C4244: “参数”: 从“double”转换到“GLint”，可能丢失数据
E:\硕士\研一上\冬\三维动画与交互\openGLTestFileFloder\homework2\main.cpp(148,44): warning C4244: “参数”: 从“double”转换到“GLint”，可能丢失数据
E:\硕士\研一上\冬\三维动画与交互\openGLTestFileFloder\homework2\main.cpp(148,37): warning C4244: “参数”: 从“double”转换到“GLint”，可能丢失数据
E:\硕士\研一上\冬\三维动画与交互\openGLTestFileFloder\homework2\main.cpp(190,17): warning C4305: “参数”: 从“double”到“GLfloat”截断
E:\硕士\研一上\冬\三维动画与交互\openGLTestFileFloder\homework2\main.cpp(203,39): warning C4244: “参数”: 从“double”转换到“GLint”，可能丢失数据
E:\硕士\研一上\冬\三维动画与交互\openGLTestFileFloder\homework2\main.cpp(203,33): warning C4244: “参数”: 从“double”转换到“GLint”，可能丢失数据
E:\硕士\研一上\冬\三维动画与交互\openGLTestFileFloder\homework2\main.cpp(226,39): warning C4244: “参数”: 从“double”转换到“GLint”，可能丢失数据
E:\硕士\研一上\冬\三维动画与交互\openGLTestFileFloder\homework2\main.cpp(226,33): warning C4244: “参数”: 从“double”转换到“GLint”，可能丢失数据
E:\硕士\研一上\冬\三维动画与交互\openGLTestFileFloder\homework2\main.cpp(249,39): warning C4244: “参数”: 从“double”转换到“GLint”，可能丢失数据
E:\硕士\研一上\冬\三维动画与交互\openGLTestFileFloder\homework2\main.cpp(249,33): warning C4244: “参数”: 从“double”转换到“GLint”，可能丢失数据
E:\硕士\研一上\冬\三维动画与交互\openGLTestFileFloder\homework2\main.cpp(272,39): warning C4244: “参数”: 从“double”转换到“GLint”，可能丢失数据
E:\硕士\研一上\冬\三维动画与交互\openGLTestFileFloder\homework2\main.cpp(272,33): warning C4244: “参数”: 从“double”转换到“GLint”，可能丢失数据
E:\硕士\研一上\冬\三维动画与交互\openGLTestFileFloder\homework2\main.cpp(301,39): warning C4244: “参数”: 从“double”转换到“GLint”，可能丢失数据
E:\硕士\研一上\冬\三维动画与交互\openGLTestFileFloder\homework2\main.cpp(301,33): warning C4244: “参数”: 从“double”转换到“GLint”，可能丢失数据
E:\硕士\研一上\冬\三维动画与交互\openGLTestFileFloder\homework2\main.cpp(319,22): warning C4305: “参数”: 从“double”到“GLfloat”截断
E:\硕士\研一上\冬\三维动画与交互\openGLTestFileFloder\homework2\main.cpp(332,39): warning C4244: “参数”: 从“double”转换到“GLint”，可能丢失数据
E:\硕士\研一上\冬\三维动画与交互\openGLTestFileFloder\homework2\main.cpp(332,33): warning C4244: “参数”: 从“double”转换到“GLint”，可能丢失数据
E:\硕士\研一上\冬\三维动画与交互\openGLTestFileFloder\homework2\main.cpp(352,22): warning C4305: “参数”: 从“double”到“GLfloat”截断
E:\硕士\研一上\冬\三维动画与交互\openGLTestFileFloder\homework2\main.cpp(365,39): warning C4244: “参数”: 从“double”转换到“GLint”，可能丢失数据
E:\硕士\研一上\冬\三维动画与交互\openGLTestFileFloder\homework2\main.cpp(365,33): warning C4244: “参数”: 从“double”转换到“GLint”，可能丢失数据
E:\硕士\研一上\冬\三维动画与交互\openGLTestFileFloder\homework2\main.cpp(371,32): warning C4244: “参数”: 从“double”转换到“GLint”，可能丢失数据
E:\硕士\研一上\冬\三维动画与交互\openGLTestFileFloder\homework2\main.cpp(371,26): warning C4244: “参数”: 从“double”转换到“GLint”，可能丢失数据
E:\硕士\研一上\冬\三维动画与交互\openGLTestFileFloder\homework2\main.cpp(372,32): warning C4244: “参数”: 从“double”转换到“GLint”，可能丢失数据
E:\硕士\研一上\冬\三维动画与交互\openGLTestFileFloder\homework2\main.cpp(372,26): warning C4244: “参数”: 从“double”转换到“GLint”，可能丢失数据
E:\硕士\研一上\冬\三维动画与交互\openGLTestFileFloder\homework2\main.cpp(389,22): warning C4305: “参数”: 从“double”到“GLfloat”截断
E:\硕士\研一上\冬\三维动画与交互\openGLTestFileFloder\homework2\main.cpp(402,39): warning C4244: “参数”: 从“double”转换到“GLint”，可能丢失数据
E:\硕士\研一上\冬\三维动画与交互\openGLTestFileFloder\homework2\main.cpp(402,33): warning C4244: “参数”: 从“double”转换到“GLint”，可能丢失数据
E:\硕士\研一上\冬\三维动画与交互\openGLTestFileFloder\homework2\main.cpp(418,22): warning C4305: “参数”: 从“double”到“GLfloat”截断
E:\硕士\研一上\冬\三维动画与交互\openGLTestFileFloder\homework2\main.cpp(431,39): warning C4244: “参数”: 从“double”转换到“GLint”，可能丢失数据
E:\硕士\研一上\冬\三维动画与交互\openGLTestFileFloder\homework2\main.cpp(431,33): warning C4244: “参数”: 从“double”转换到“GLint”，可能丢失数据
E:\硕士\研一上\冬\三维动画与交互\openGLTestFileFloder\homework2\main.cpp(460,39): warning C4244: “参数”: 从“double”转换到“GLint”，可能丢失数据
E:\硕士\研一上\冬\三维动画与交互\openGLTestFileFloder\homework2\main.cpp(460,33): warning C4244: “参数”: 从“double”转换到“GLint”，可能丢失数据
  SolarSystem.vcxproj -> E:\硕士\研一上\冬\三维动画与交互\openGLTestFileFloder\homework2\Debug\SolarSystem.exe
